{"nbformat":4,"nbformat_minor":0,"metadata":{"colab":{"name":"Colaboratory'ye Hoş Geldiniz adlı not defterinin kopyası","provenance":[{"file_id":"/v2/external/notebooks/intro.ipynb","timestamp":1613087144314}],"collapsed_sections":[]},"kernelspec":{"display_name":"Python 3","name":"python3"}},"cells":[{"cell_type":"markdown","metadata":{"id":"KGwMncayxys_"},"source":["# PG1926\n"]},{"cell_type":"code","metadata":{"id":"9bbD1qr6wzYR","executionInfo":{"status":"aborted","timestamp":1612903625470,"user_tz":-180,"elapsed":708,"user":{"displayName":"","photoUrl":"","userId":""}}},"source":["#Ptyhon-1\n","for i in range(1,101):\n","  if i%15==0:\n","    print(\"FizzBuzz\")\n","  elif i%3==0:\n","    print(\"Fizz\")\n","  elif i%5==0:\n","    print(\"Buzz\")\n","  else:\n","    print(i)  "],"execution_count":null,"outputs":[]},{"cell_type":"code","metadata":{"id":"_nzvh07GH3lI","executionInfo":{"status":"aborted","timestamp":1612903625821,"user_tz":-180,"elapsed":1056,"user":{"displayName":"","photoUrl":"","userId":""}}},"source":["lst = []\n","adet = int(input('Kaç Sayı Girilecek: '))\n","for n in range(adet):\n","    sayi = int(input('Sayıyı Gir: '))\n","    lst.append(sayi) \n","  \n","for num in lst: \n","      \n","    # tek sayı kontrolü\n","    if num % 2 != 0:\n","     \n","       print(num, end = \" \")"],"execution_count":null,"outputs":[]},{"cell_type":"code","metadata":{"colab":{"base_uri":"https://localhost:8080/","height":528},"id":"Qu74VkchgIkN","executionInfo":{"status":"error","timestamp":1612904148415,"user_tz":-180,"elapsed":361576,"user":{"displayName":"","photoUrl":"","userId":""}},"outputId":"b846e3c3-0e7e-451b-b607-b9f029aae429"},"source":["def kontrol(str):\n","  count = 0\n","  for ch in str:\n","    if ch == '@':\n","      count = count + 1\n"," \n","  if count == 1:\n","    return True\n","  else:\n","    return False\n"," \n","mail=input('Mail : ')\n","if(kontrol(mail)==True):\n","      print('Doğru')\n","else:\n","      print('Yanlış')"],"execution_count":172,"outputs":[{"output_type":"error","ename":"KeyboardInterrupt","evalue":"ignored","traceback":["\u001b[0;31m---------------------------------------------------------------------------\u001b[0m","\u001b[0;31mKeyboardInterrupt\u001b[0m                         Traceback (most recent call last)","\u001b[0;32m/usr/local/lib/python3.6/dist-packages/ipykernel/kernelbase.py\u001b[0m in \u001b[0;36m_input_request\u001b[0;34m(self, prompt, ident, parent, password)\u001b[0m\n\u001b[1;32m    728\u001b[0m             \u001b[0;32mtry\u001b[0m\u001b[0;34m:\u001b[0m\u001b[0;34m\u001b[0m\u001b[0;34m\u001b[0m\u001b[0m\n\u001b[0;32m--> 729\u001b[0;31m                 \u001b[0mident\u001b[0m\u001b[0;34m,\u001b[0m \u001b[0mreply\u001b[0m \u001b[0;34m=\u001b[0m \u001b[0mself\u001b[0m\u001b[0;34m.\u001b[0m\u001b[0msession\u001b[0m\u001b[0;34m.\u001b[0m\u001b[0mrecv\u001b[0m\u001b[0;34m(\u001b[0m\u001b[0mself\u001b[0m\u001b[0;34m.\u001b[0m\u001b[0mstdin_socket\u001b[0m\u001b[0;34m,\u001b[0m \u001b[0;36m0\u001b[0m\u001b[0;34m)\u001b[0m\u001b[0;34m\u001b[0m\u001b[0;34m\u001b[0m\u001b[0m\n\u001b[0m\u001b[1;32m    730\u001b[0m             \u001b[0;32mexcept\u001b[0m \u001b[0mException\u001b[0m\u001b[0;34m:\u001b[0m\u001b[0;34m\u001b[0m\u001b[0;34m\u001b[0m\u001b[0m\n","\u001b[0;32m/usr/local/lib/python3.6/dist-packages/jupyter_client/session.py\u001b[0m in \u001b[0;36mrecv\u001b[0;34m(self, socket, mode, content, copy)\u001b[0m\n\u001b[1;32m    802\u001b[0m         \u001b[0;32mtry\u001b[0m\u001b[0;34m:\u001b[0m\u001b[0;34m\u001b[0m\u001b[0;34m\u001b[0m\u001b[0m\n\u001b[0;32m--> 803\u001b[0;31m             \u001b[0mmsg_list\u001b[0m \u001b[0;34m=\u001b[0m \u001b[0msocket\u001b[0m\u001b[0;34m.\u001b[0m\u001b[0mrecv_multipart\u001b[0m\u001b[0;34m(\u001b[0m\u001b[0mmode\u001b[0m\u001b[0;34m,\u001b[0m \u001b[0mcopy\u001b[0m\u001b[0;34m=\u001b[0m\u001b[0mcopy\u001b[0m\u001b[0;34m)\u001b[0m\u001b[0;34m\u001b[0m\u001b[0;34m\u001b[0m\u001b[0m\n\u001b[0m\u001b[1;32m    804\u001b[0m         \u001b[0;32mexcept\u001b[0m \u001b[0mzmq\u001b[0m\u001b[0;34m.\u001b[0m\u001b[0mZMQError\u001b[0m \u001b[0;32mas\u001b[0m \u001b[0me\u001b[0m\u001b[0;34m:\u001b[0m\u001b[0;34m\u001b[0m\u001b[0;34m\u001b[0m\u001b[0m\n","\u001b[0;32m/usr/local/lib/python3.6/dist-packages/zmq/sugar/socket.py\u001b[0m in \u001b[0;36mrecv_multipart\u001b[0;34m(self, flags, copy, track)\u001b[0m\n\u001b[1;32m    582\u001b[0m         \"\"\"\n\u001b[0;32m--> 583\u001b[0;31m         \u001b[0mparts\u001b[0m \u001b[0;34m=\u001b[0m \u001b[0;34m[\u001b[0m\u001b[0mself\u001b[0m\u001b[0;34m.\u001b[0m\u001b[0mrecv\u001b[0m\u001b[0;34m(\u001b[0m\u001b[0mflags\u001b[0m\u001b[0;34m,\u001b[0m \u001b[0mcopy\u001b[0m\u001b[0;34m=\u001b[0m\u001b[0mcopy\u001b[0m\u001b[0;34m,\u001b[0m \u001b[0mtrack\u001b[0m\u001b[0;34m=\u001b[0m\u001b[0mtrack\u001b[0m\u001b[0;34m)\u001b[0m\u001b[0;34m]\u001b[0m\u001b[0;34m\u001b[0m\u001b[0;34m\u001b[0m\u001b[0m\n\u001b[0m\u001b[1;32m    584\u001b[0m         \u001b[0;31m# have first part already, only loop while more to receive\u001b[0m\u001b[0;34m\u001b[0m\u001b[0;34m\u001b[0m\u001b[0;34m\u001b[0m\u001b[0m\n","\u001b[0;32mzmq/backend/cython/socket.pyx\u001b[0m in \u001b[0;36mzmq.backend.cython.socket.Socket.recv\u001b[0;34m()\u001b[0m\n","\u001b[0;32mzmq/backend/cython/socket.pyx\u001b[0m in \u001b[0;36mzmq.backend.cython.socket.Socket.recv\u001b[0;34m()\u001b[0m\n","\u001b[0;32mzmq/backend/cython/socket.pyx\u001b[0m in \u001b[0;36mzmq.backend.cython.socket._recv_copy\u001b[0;34m()\u001b[0m\n","\u001b[0;32m/usr/local/lib/python3.6/dist-packages/zmq/backend/cython/checkrc.pxd\u001b[0m in \u001b[0;36mzmq.backend.cython.checkrc._check_rc\u001b[0;34m()\u001b[0m\n","\u001b[0;31mKeyboardInterrupt\u001b[0m: ","\nDuring handling of the above exception, another exception occurred:\n","\u001b[0;31mKeyboardInterrupt\u001b[0m                         Traceback (most recent call last)","\u001b[0;32m<ipython-input-172-3e48616a7f23>\u001b[0m in \u001b[0;36m<module>\u001b[0;34m()\u001b[0m\n\u001b[1;32m     10\u001b[0m     \u001b[0;32mreturn\u001b[0m \u001b[0;32mFalse\u001b[0m\u001b[0;34m\u001b[0m\u001b[0;34m\u001b[0m\u001b[0m\n\u001b[1;32m     11\u001b[0m \u001b[0;34m\u001b[0m\u001b[0m\n\u001b[0;32m---> 12\u001b[0;31m \u001b[0mmail\u001b[0m\u001b[0;34m=\u001b[0m\u001b[0minput\u001b[0m\u001b[0;34m(\u001b[0m\u001b[0;34m'Mail : '\u001b[0m\u001b[0;34m)\u001b[0m\u001b[0;34m\u001b[0m\u001b[0;34m\u001b[0m\u001b[0m\n\u001b[0m\u001b[1;32m     13\u001b[0m \u001b[0;32mif\u001b[0m\u001b[0;34m(\u001b[0m\u001b[0mkontrol\u001b[0m\u001b[0;34m(\u001b[0m\u001b[0mmail\u001b[0m\u001b[0;34m)\u001b[0m\u001b[0;34m==\u001b[0m\u001b[0;32mTrue\u001b[0m\u001b[0;34m)\u001b[0m\u001b[0;34m:\u001b[0m\u001b[0;34m\u001b[0m\u001b[0;34m\u001b[0m\u001b[0m\n\u001b[1;32m     14\u001b[0m       \u001b[0mprint\u001b[0m\u001b[0;34m(\u001b[0m\u001b[0;34m'Doğru'\u001b[0m\u001b[0;34m)\u001b[0m\u001b[0;34m\u001b[0m\u001b[0;34m\u001b[0m\u001b[0m\n","\u001b[0;32m/usr/local/lib/python3.6/dist-packages/ipykernel/kernelbase.py\u001b[0m in \u001b[0;36mraw_input\u001b[0;34m(self, prompt)\u001b[0m\n\u001b[1;32m    702\u001b[0m             \u001b[0mself\u001b[0m\u001b[0;34m.\u001b[0m\u001b[0m_parent_ident\u001b[0m\u001b[0;34m,\u001b[0m\u001b[0;34m\u001b[0m\u001b[0;34m\u001b[0m\u001b[0m\n\u001b[1;32m    703\u001b[0m             \u001b[0mself\u001b[0m\u001b[0;34m.\u001b[0m\u001b[0m_parent_header\u001b[0m\u001b[0;34m,\u001b[0m\u001b[0;34m\u001b[0m\u001b[0;34m\u001b[0m\u001b[0m\n\u001b[0;32m--> 704\u001b[0;31m             \u001b[0mpassword\u001b[0m\u001b[0;34m=\u001b[0m\u001b[0;32mFalse\u001b[0m\u001b[0;34m,\u001b[0m\u001b[0;34m\u001b[0m\u001b[0;34m\u001b[0m\u001b[0m\n\u001b[0m\u001b[1;32m    705\u001b[0m         )\n\u001b[1;32m    706\u001b[0m \u001b[0;34m\u001b[0m\u001b[0m\n","\u001b[0;32m/usr/local/lib/python3.6/dist-packages/ipykernel/kernelbase.py\u001b[0m in \u001b[0;36m_input_request\u001b[0;34m(self, prompt, ident, parent, password)\u001b[0m\n\u001b[1;32m    732\u001b[0m             \u001b[0;32mexcept\u001b[0m \u001b[0mKeyboardInterrupt\u001b[0m\u001b[0;34m:\u001b[0m\u001b[0;34m\u001b[0m\u001b[0;34m\u001b[0m\u001b[0m\n\u001b[1;32m    733\u001b[0m                 \u001b[0;31m# re-raise KeyboardInterrupt, to truncate traceback\u001b[0m\u001b[0;34m\u001b[0m\u001b[0;34m\u001b[0m\u001b[0;34m\u001b[0m\u001b[0m\n\u001b[0;32m--> 734\u001b[0;31m                 \u001b[0;32mraise\u001b[0m \u001b[0mKeyboardInterrupt\u001b[0m\u001b[0;34m\u001b[0m\u001b[0;34m\u001b[0m\u001b[0m\n\u001b[0m\u001b[1;32m    735\u001b[0m             \u001b[0;32melse\u001b[0m\u001b[0;34m:\u001b[0m\u001b[0;34m\u001b[0m\u001b[0;34m\u001b[0m\u001b[0m\n\u001b[1;32m    736\u001b[0m                 \u001b[0;32mbreak\u001b[0m\u001b[0;34m\u001b[0m\u001b[0;34m\u001b[0m\u001b[0m\n","\u001b[0;31mKeyboardInterrupt\u001b[0m: "]}]},{"cell_type":"code","metadata":{"colab":{"base_uri":"https://localhost:8080/"},"id":"JZGZI_eGgU_O","executionInfo":{"status":"ok","timestamp":1612903727692,"user_tz":-180,"elapsed":8450,"user":{"displayName":"","photoUrl":"","userId":""}},"outputId":"358dfcd4-a670-427a-b4ae-5b4c9b2eb7b9"},"source":["import re\n","\n","def hepsiASCIIMi(dizge):\n","    return all(ord(k) < 128 for k in dizge)\n","\n","def ePostaGeçerliMi(adres):\n","    if re.match(\"\\A(?P<name>[\\w\\-_]+)@(?P<domain>[\\w\\-_]+).(?P<toplevel>[\\w]+)\\Z\", adres, re.IGNORECASE):\n","        if (hepsiASCIIMi(adres)):\n","            return True\n","        else:\n","            return False\n","    return False\n","\n","def main():\n","    email = input (\"Lütfen bir e posta adresi giriniz: \")\n","\n","    if (ePostaGeçerliMi(email)):\n","        print('Girilen adres geçerli')\n","    else:\n","        print('Girilen adres geçersiz')\n","\n","if __name__ == \"__main__\":\n","    main()"],"execution_count":167,"outputs":[{"output_type":"stream","text":["Lütfen bir e posta adresi giriniz: a@gmail\n","Girilen adres geçerli\n"],"name":"stdout"}]},{"cell_type":"code","metadata":{"colab":{"base_uri":"https://localhost:8080/"},"id":"V5QC0kS1j0dG","executionInfo":{"status":"ok","timestamp":1612904154934,"user_tz":-180,"elapsed":726,"user":{"displayName":"","photoUrl":"","userId":""}},"outputId":"a2a82ee0-5c71-4778-edb9-1cbdc2e61ffa"},"source":["def sirala (a):\n","    sifirlar = []\n","    kalansayilar = list()\n","    for i in a:\n","        if i ==0:\n","            sifirlar.append(i)\n","        else:\n","            kalansayilar.append(i)\n","\n","    sonuc = sifirlar + kalansayilar\n","    return (sonuc)\n","\n","test = [1,2,5,12,8,0]\n","a = sirala(test)\n","print(a)    "],"execution_count":173,"outputs":[{"output_type":"stream","text":["[0, 1, 2, 5, 12, 8]\n"],"name":"stdout"}]},{"cell_type":"code","metadata":{"id":"d1Stx8dhTAl9"},"source":["class İlkokul:\n","\n","\n","     def _init_(self,ad):       \n","         self.Adi = ad\n","         self.Kizsayisi = 67\n","         self.Erkeksayisi = 52\n","         self.ögrencisayisi = 119\n","         self.ögretmensayisi = 23\n","         self.sinifsayisi = 12\n","         print \"Yeni öğrenci eklendi\"\n"," \n"," Ali=Ögrenci(\"Ali Vahap\")\n"," print Ali.Adi\n","\n","class Ortaokul:\n","\n","def _init_(self,ad):       \n","         self.Adi = ad\n","         self.Kizsayisi = 49\n","         self.Erkeksayisi = 81\n","         self.ögrencisayisi = 130\n","         self.ögretmensayisi = 19\n","         self.sinifsayisi = 6\n","         print \"Yeni öğrenci eklendi\"\n"," \n"," Ayse=Ögrenci(\"Ayse Mutlu\")\n"," print Ayse.Adi\n","\n"," class Lise:\n","\n","def _init_(self,ad):       \n","         self.Adi = ad\n","         self.Kizsayisi = 31\n","         self.Erkeksayisi = 23\n","         self.ögrencisayisi = 54\n","         self.ögretmensayisi = 5\n","         self.sinifsayisi = 2\n","         print \"Yeni öğrenci eklendi\"\n"," \n"," Sevim=Ögrenci(\"Sevim Çapkın\")\n"," print Sevim.Adi"],"execution_count":null,"outputs":[]}]}